<?xml version="1.0" encoding="UTF-8"?>
<testng-results ignored="0" total="8" passed="6" failed="2" skipped="0">
  <reporter-output>
  </reporter-output>
  <suite started-at="2023-08-21T23:42:38 ART" name="Suite Principal" finished-at="2023-08-21T23:42:38 ART" duration-ms="0">
    <groups>
    </groups>
  </suite> <!-- Suite Principal -->
  <suite started-at="2023-08-21T23:42:15 ART" name="Suite" finished-at="2023-08-21T23:42:22 ART" duration-ms="7445">
    <groups>
    </groups>
    <test started-at="2023-08-21T23:42:15 ART" name="TestChrome" finished-at="2023-08-21T23:42:17 ART" duration-ms="2282">
      <class name="tests.TestLoginExitoso">
        <test-method is-config="true" signature="commonSetUp(java.lang.String)[pri:0, instance:tests.TestLoginExitoso@56528192]" started-at="2023-08-21T23:42:15 ART" name="commonSetUp" finished-at="2023-08-21T23:42:17 ART" duration-ms="1879" status="PASS">
          <params>
            <param index="0">
              <value>
                <![CDATA[Chrome]]>
              </value>
            </param>
          </params>
          <reporter-output>
          </reporter-output>
        </test-method> <!-- commonSetUp -->
        <test-method signature="loginExitoso()[pri:0, instance:tests.TestLoginExitoso@56528192]" started-at="2023-08-21T23:42:17 ART" name="loginExitoso" finished-at="2023-08-21T23:42:17 ART" duration-ms="294" status="PASS">
          <reporter-output>
          </reporter-output>
        </test-method> <!-- loginExitoso -->
        <test-method is-config="true" signature="commonTearDown()[pri:0, instance:tests.TestLoginExitoso@56528192]" started-at="2023-08-21T23:42:17 ART" name="commonTearDown" finished-at="2023-08-21T23:42:17 ART" duration-ms="84" status="PASS">
          <reporter-output>
          </reporter-output>
        </test-method> <!-- commonTearDown -->
      </class> <!-- tests.TestLoginExitoso -->
    </test> <!-- TestChrome -->
    <test started-at="2023-08-21T23:42:17 ART" name="TestFirefox" finished-at="2023-08-21T23:42:22 ART" duration-ms="5153">
      <class name="tests.TestLoginExitoso">
        <test-method is-config="true" signature="commonSetUp(java.lang.String)[pri:0, instance:tests.TestLoginExitoso@3ba9ad43]" started-at="2023-08-21T23:42:17 ART" name="commonSetUp" finished-at="2023-08-21T23:42:21 ART" duration-ms="3997" status="PASS">
          <params>
            <param index="0">
              <value>
                <![CDATA[Firefox]]>
              </value>
            </param>
          </params>
          <reporter-output>
          </reporter-output>
        </test-method> <!-- commonSetUp -->
        <test-method signature="loginExitoso()[pri:0, instance:tests.TestLoginExitoso@3ba9ad43]" started-at="2023-08-21T23:42:21 ART" name="loginExitoso" finished-at="2023-08-21T23:42:22 ART" duration-ms="416" status="PASS">
          <reporter-output>
          </reporter-output>
        </test-method> <!-- loginExitoso -->
        <test-method is-config="true" signature="commonTearDown()[pri:0, instance:tests.TestLoginExitoso@3ba9ad43]" started-at="2023-08-21T23:42:22 ART" name="commonTearDown" finished-at="2023-08-21T23:42:22 ART" duration-ms="738" status="PASS">
          <reporter-output>
          </reporter-output>
        </test-method> <!-- commonTearDown -->
      </class> <!-- tests.TestLoginExitoso -->
    </test> <!-- TestFirefox -->
  </suite> <!-- Suite -->
  <suite started-at="2023-08-21T23:42:29 ART" name="Suite (1)" finished-at="2023-08-21T23:42:38 ART" duration-ms="9072">
    <groups>
    </groups>
    <test started-at="2023-08-21T23:42:29 ART" name="TestChrome" finished-at="2023-08-21T23:42:31 ART" duration-ms="2154">
      <class name="tests.TestFalloIntencional">
        <test-method is-config="true" signature="commonSetUp(java.lang.String)[pri:0, instance:tests.TestFalloIntencional@72a7c7e0]" started-at="2023-08-21T23:42:29 ART" name="commonSetUp" finished-at="2023-08-21T23:42:30 ART" duration-ms="1246" status="PASS">
          <params>
            <param index="0">
              <value>
                <![CDATA[Chrome]]>
              </value>
            </param>
          </params>
          <reporter-output>
          </reporter-output>
        </test-method> <!-- commonSetUp -->
        <test-method signature="loginExitoso()[pri:0, instance:tests.TestFalloIntencional@72a7c7e0]" started-at="2023-08-21T23:42:30 ART" name="loginExitoso" finished-at="2023-08-21T23:42:30 ART" duration-ms="252" status="PASS">
          <reporter-output>
          </reporter-output>
        </test-method> <!-- loginExitoso -->
        <test-method signature="addToCart()[pri:0, instance:tests.TestFalloIntencional@72a7c7e0]" started-at="2023-08-21T23:42:30 ART" name="addToCart" finished-at="2023-08-21T23:42:31 ART" depends-on-methods="tests.TestFalloIntencional.loginExitoso" duration-ms="416" status="FAIL">
          <exception class="org.openqa.selenium.NoSuchElementException">
            <message>
              <![CDATA[no such element: Unable to locate element: {"method":"css selector","selector":"#Error\ Intencional"}
  (Session info: chrome=116.0.5845.97)
For documentation on this error, please visit: https://www.selenium.dev/documentation/webdriver/troubleshooting/errors#no-such-element-exception
Build info: version: '4.11.0', revision: '040bc5406b'
System info: os.name: 'Windows 10', os.arch: 'amd64', os.version: '10.0', java.version: '17.0.8'
Driver info: org.openqa.selenium.chrome.ChromeDriver
Command: [2014200c1f0b522450de1e39ac88ce66, findElement {using=id, value=Error Intencional}]
Capabilities {acceptInsecureCerts: false, browserName: chrome, browserVersion: 116.0.5845.97, chrome: {chromedriverVersion: 116.0.5845.96 (1a3918166880..., userDataDir: C:\Users\Elias\AppData\Loca...}, fedcm:accounts: true, goog:chromeOptions: {debuggerAddress: localhost:52364}, networkConnectionEnabled: false, pageLoadStrategy: normal, platformName: windows, proxy: Proxy(), se:cdp: ws://localhost:52364/devtoo..., se:cdpVersion: 116.0.5845.97, setWindowRect: true, strictFileInteractability: false, timeouts: {implicit: 0, pageLoad: 300000, script: 30000}, unhandledPromptBehavior: dismiss and notify, webauthn:extension:credBlob: true, webauthn:extension:largeBlob: true, webauthn:extension:minPinLength: true, webauthn:extension:prf: true, webauthn:virtualAuthenticators: true}
Session ID: 2014200c1f0b522450de1e39ac88ce66]]>
            </message>
            <full-stacktrace>
              <![CDATA[org.openqa.selenium.NoSuchElementException: no such element: Unable to locate element: {"method":"css selector","selector":"#Error\ Intencional"}
  (Session info: chrome=116.0.5845.97)
For documentation on this error, please visit: https://www.selenium.dev/documentation/webdriver/troubleshooting/errors#no-such-element-exception
Build info: version: '4.11.0', revision: '040bc5406b'
System info: os.name: 'Windows 10', os.arch: 'amd64', os.version: '10.0', java.version: '17.0.8'
Driver info: org.openqa.selenium.chrome.ChromeDriver
Command: [2014200c1f0b522450de1e39ac88ce66, findElement {using=id, value=Error Intencional}]
Capabilities {acceptInsecureCerts: false, browserName: chrome, browserVersion: 116.0.5845.97, chrome: {chromedriverVersion: 116.0.5845.96 (1a3918166880..., userDataDir: C:\Users\Elias\AppData\Loca...}, fedcm:accounts: true, goog:chromeOptions: {debuggerAddress: localhost:52364}, networkConnectionEnabled: false, pageLoadStrategy: normal, platformName: windows, proxy: Proxy(), se:cdp: ws://localhost:52364/devtoo..., se:cdpVersion: 116.0.5845.97, setWindowRect: true, strictFileInteractability: false, timeouts: {implicit: 0, pageLoad: 300000, script: 30000}, unhandledPromptBehavior: dismiss and notify, webauthn:extension:credBlob: true, webauthn:extension:largeBlob: true, webauthn:extension:minPinLength: true, webauthn:extension:prf: true, webauthn:virtualAuthenticators: true}
Session ID: 2014200c1f0b522450de1e39ac88ce66
at java.base/jdk.internal.reflect.NativeConstructorAccessorImpl.newInstance0(Native Method)
at java.base/jdk.internal.reflect.NativeConstructorAccessorImpl.newInstance(NativeConstructorAccessorImpl.java:77)
at java.base/jdk.internal.reflect.DelegatingConstructorAccessorImpl.newInstance(DelegatingConstructorAccessorImpl.java:45)
at java.base/java.lang.reflect.Constructor.newInstanceWithCaller(Constructor.java:499)
at java.base/java.lang.reflect.Constructor.newInstance(Constructor.java:480)
at org.openqa.selenium.remote.codec.w3c.W3CHttpResponseCodec.createException(W3CHttpResponseCodec.java:200)
at org.openqa.selenium.remote.codec.w3c.W3CHttpResponseCodec.decode(W3CHttpResponseCodec.java:133)
at org.openqa.selenium.remote.codec.w3c.W3CHttpResponseCodec.decode(W3CHttpResponseCodec.java:52)
at org.openqa.selenium.remote.HttpCommandExecutor.execute(HttpCommandExecutor.java:191)
at org.openqa.selenium.remote.service.DriverCommandExecutor.invokeExecute(DriverCommandExecutor.java:196)
at org.openqa.selenium.remote.service.DriverCommandExecutor.execute(DriverCommandExecutor.java:171)
at org.openqa.selenium.remote.RemoteWebDriver.execute(RemoteWebDriver.java:518)
at org.openqa.selenium.remote.ElementLocation$ElementFinder$2.findElement(ElementLocation.java:165)
at org.openqa.selenium.remote.ElementLocation.findElement(ElementLocation.java:59)
at org.openqa.selenium.remote.RemoteWebDriver.findElement(RemoteWebDriver.java:355)
at org.openqa.selenium.remote.RemoteWebDriver.findElement(RemoteWebDriver.java:349)
at org.openqa.selenium.support.pagefactory.DefaultElementLocator.findElement(DefaultElementLocator.java:68)
at org.openqa.selenium.support.pagefactory.internal.LocatingElementHandler.invoke(LocatingElementHandler.java:38)
at jdk.proxy2/jdk.proxy2.$Proxy17.click(Unknown Source)
at tests.TestFalloIntencional.addToCart(TestFalloIntencional.java:56)
at java.base/jdk.internal.reflect.NativeMethodAccessorImpl.invoke0(Native Method)
at java.base/jdk.internal.reflect.NativeMethodAccessorImpl.invoke(NativeMethodAccessorImpl.java:77)
at java.base/jdk.internal.reflect.DelegatingMethodAccessorImpl.invoke(DelegatingMethodAccessorImpl.java:43)
at java.base/java.lang.reflect.Method.invoke(Method.java:568)
at org.testng.internal.invokers.MethodInvocationHelper.invokeMethod(MethodInvocationHelper.java:139)
at org.testng.internal.invokers.TestInvoker.invokeMethod(TestInvoker.java:664)
at org.testng.internal.invokers.TestInvoker.invokeTestMethod(TestInvoker.java:227)
at org.testng.internal.invokers.MethodRunner.runInSequence(MethodRunner.java:50)
at org.testng.internal.invokers.TestInvoker$MethodInvocationAgent.invoke(TestInvoker.java:957)
at org.testng.internal.invokers.TestInvoker.invokeTestMethods(TestInvoker.java:200)
at org.testng.internal.invokers.TestMethodWorker.invokeTestMethods(TestMethodWorker.java:148)
at org.testng.internal.invokers.TestMethodWorker.run(TestMethodWorker.java:128)
at java.base/java.util.ArrayList.forEach(ArrayList.java:1511)
at org.testng.TestRunner.privateRun(TestRunner.java:848)
at org.testng.TestRunner.run(TestRunner.java:621)
at org.testng.SuiteRunner.runTest(SuiteRunner.java:443)
at org.testng.SuiteRunner.runSequentially(SuiteRunner.java:437)
at org.testng.SuiteRunner.privateRun(SuiteRunner.java:397)
at org.testng.SuiteRunner.run(SuiteRunner.java:336)
at org.testng.SuiteRunnerWorker.runSuite(SuiteRunnerWorker.java:52)
at org.testng.SuiteRunnerWorker.run(SuiteRunnerWorker.java:95)
at org.testng.TestNG.runSuitesSequentially(TestNG.java:1280)
at org.testng.TestNG.runSuitesSequentially(TestNG.java:1275)
at org.testng.TestNG.runSuitesLocally(TestNG.java:1200)
at org.testng.TestNG.runSuites(TestNG.java:1114)
at org.testng.TestNG.run(TestNG.java:1082)
at com.intellij.rt.testng.IDEARemoteTestNG.run(IDEARemoteTestNG.java:66)
at com.intellij.rt.testng.RemoteTestNGStarter.main(RemoteTestNGStarter.java:105)
]]>
            </full-stacktrace>
          </exception> <!-- org.openqa.selenium.NoSuchElementException -->
          <reporter-output>
          </reporter-output>
        </test-method> <!-- addToCart -->
        <test-method is-config="true" signature="commonTearDown()[pri:0, instance:tests.TestFalloIntencional@72a7c7e0]" started-at="2023-08-21T23:42:31 ART" name="commonTearDown" finished-at="2023-08-21T23:42:31 ART" duration-ms="95" status="PASS">
          <reporter-output>
          </reporter-output>
        </test-method> <!-- commonTearDown -->
      </class> <!-- tests.TestFalloIntencional -->
    </test> <!-- TestChrome -->
    <test started-at="2023-08-21T23:42:31 ART" name="TestFirefox" finished-at="2023-08-21T23:42:38 ART" duration-ms="6910">
      <class name="tests.TestFalloIntencional">
        <test-method is-config="true" signature="commonSetUp(java.lang.String)[pri:0, instance:tests.TestFalloIntencional@1700915]" started-at="2023-08-21T23:42:31 ART" name="commonSetUp" finished-at="2023-08-21T23:42:35 ART" duration-ms="3733" status="PASS">
          <params>
            <param index="0">
              <value>
                <![CDATA[Firefox]]>
              </value>
            </param>
          </params>
          <reporter-output>
          </reporter-output>
        </test-method> <!-- commonSetUp -->
        <test-method signature="loginExitoso()[pri:0, instance:tests.TestFalloIntencional@1700915]" started-at="2023-08-21T23:42:35 ART" name="loginExitoso" finished-at="2023-08-21T23:42:35 ART" duration-ms="393" status="PASS">
          <reporter-output>
          </reporter-output>
        </test-method> <!-- loginExitoso -->
        <test-method signature="addToCart()[pri:0, instance:tests.TestFalloIntencional@1700915]" started-at="2023-08-21T23:42:35 ART" name="addToCart" finished-at="2023-08-21T23:42:37 ART" depends-on-methods="tests.TestFalloIntencional.loginExitoso" duration-ms="2032" status="FAIL">
          <exception class="org.openqa.selenium.NoSuchElementException">
            <message>
              <![CDATA[Unable to locate element: #Error\ Intencional
For documentation on this error, please visit: https://www.selenium.dev/documentation/webdriver/troubleshooting/errors#no-such-element-exception
Build info: version: '4.11.0', revision: '040bc5406b'
System info: os.name: 'Windows 10', os.arch: 'amd64', os.version: '10.0', java.version: '17.0.8'
Driver info: org.openqa.selenium.firefox.FirefoxDriver
Command: [94c0eff1-aaea-43a6-96a0-ebbe940728b0, findElement {using=id, value=Error Intencional}]
Capabilities {acceptInsecureCerts: true, browserName: firefox, browserVersion: 116.0.3, moz:accessibilityChecks: false, moz:buildID: 20230815173142, moz:debuggerAddress: 127.0.0.1:9356, moz:geckodriverVersion: 0.33.0, moz:headless: false, moz:platformVersion: 10.0, moz:processID: 20860, moz:profile: C:\Users\Elias\AppData\Loca..., moz:shutdownTimeout: 60000, moz:webdriverClick: true, moz:windowless: false, pageLoadStrategy: normal, platformName: windows, proxy: Proxy(), se:cdp: ws://127.0.0.1:9356/devtool..., se:cdpVersion: 85.0, setWindowRect: true, strictFileInteractability: false, timeouts: {implicit: 0, pageLoad: 300000, script: 30000}, unhandledPromptBehavior: dismiss and notify}
Session ID: 94c0eff1-aaea-43a6-96a0-ebbe940728b0]]>
            </message>
            <full-stacktrace>
              <![CDATA[org.openqa.selenium.NoSuchElementException: Unable to locate element: #Error\ Intencional
For documentation on this error, please visit: https://www.selenium.dev/documentation/webdriver/troubleshooting/errors#no-such-element-exception
Build info: version: '4.11.0', revision: '040bc5406b'
System info: os.name: 'Windows 10', os.arch: 'amd64', os.version: '10.0', java.version: '17.0.8'
Driver info: org.openqa.selenium.firefox.FirefoxDriver
Command: [94c0eff1-aaea-43a6-96a0-ebbe940728b0, findElement {using=id, value=Error Intencional}]
Capabilities {acceptInsecureCerts: true, browserName: firefox, browserVersion: 116.0.3, moz:accessibilityChecks: false, moz:buildID: 20230815173142, moz:debuggerAddress: 127.0.0.1:9356, moz:geckodriverVersion: 0.33.0, moz:headless: false, moz:platformVersion: 10.0, moz:processID: 20860, moz:profile: C:\Users\Elias\AppData\Loca..., moz:shutdownTimeout: 60000, moz:webdriverClick: true, moz:windowless: false, pageLoadStrategy: normal, platformName: windows, proxy: Proxy(), se:cdp: ws://127.0.0.1:9356/devtool..., se:cdpVersion: 85.0, setWindowRect: true, strictFileInteractability: false, timeouts: {implicit: 0, pageLoad: 300000, script: 30000}, unhandledPromptBehavior: dismiss and notify}
Session ID: 94c0eff1-aaea-43a6-96a0-ebbe940728b0
at java.base/jdk.internal.reflect.NativeConstructorAccessorImpl.newInstance0(Native Method)
at java.base/jdk.internal.reflect.NativeConstructorAccessorImpl.newInstance(NativeConstructorAccessorImpl.java:77)
at java.base/jdk.internal.reflect.DelegatingConstructorAccessorImpl.newInstance(DelegatingConstructorAccessorImpl.java:45)
at java.base/java.lang.reflect.Constructor.newInstanceWithCaller(Constructor.java:499)
at java.base/java.lang.reflect.Constructor.newInstance(Constructor.java:480)
at org.openqa.selenium.remote.codec.w3c.W3CHttpResponseCodec.createException(W3CHttpResponseCodec.java:200)
at org.openqa.selenium.remote.codec.w3c.W3CHttpResponseCodec.decode(W3CHttpResponseCodec.java:133)
at org.openqa.selenium.remote.codec.w3c.W3CHttpResponseCodec.decode(W3CHttpResponseCodec.java:52)
at org.openqa.selenium.remote.HttpCommandExecutor.execute(HttpCommandExecutor.java:191)
at org.openqa.selenium.remote.service.DriverCommandExecutor.invokeExecute(DriverCommandExecutor.java:196)
at org.openqa.selenium.remote.service.DriverCommandExecutor.execute(DriverCommandExecutor.java:171)
at org.openqa.selenium.remote.RemoteWebDriver.execute(RemoteWebDriver.java:518)
at org.openqa.selenium.remote.ElementLocation$ElementFinder$2.findElement(ElementLocation.java:165)
at org.openqa.selenium.remote.ElementLocation.findElement(ElementLocation.java:59)
at org.openqa.selenium.remote.RemoteWebDriver.findElement(RemoteWebDriver.java:355)
at org.openqa.selenium.remote.RemoteWebDriver.findElement(RemoteWebDriver.java:349)
at org.openqa.selenium.support.pagefactory.DefaultElementLocator.findElement(DefaultElementLocator.java:68)
at org.openqa.selenium.support.pagefactory.internal.LocatingElementHandler.invoke(LocatingElementHandler.java:38)
at jdk.proxy2/jdk.proxy2.$Proxy17.click(Unknown Source)
at tests.TestFalloIntencional.addToCart(TestFalloIntencional.java:56)
at java.base/jdk.internal.reflect.NativeMethodAccessorImpl.invoke0(Native Method)
at java.base/jdk.internal.reflect.NativeMethodAccessorImpl.invoke(NativeMethodAccessorImpl.java:77)
at java.base/jdk.internal.reflect.DelegatingMethodAccessorImpl.invoke(DelegatingMethodAccessorImpl.java:43)
at java.base/java.lang.reflect.Method.invoke(Method.java:568)
at org.testng.internal.invokers.MethodInvocationHelper.invokeMethod(MethodInvocationHelper.java:139)
at org.testng.internal.invokers.TestInvoker.invokeMethod(TestInvoker.java:664)
at org.testng.internal.invokers.TestInvoker.invokeTestMethod(TestInvoker.java:227)
at org.testng.internal.invokers.MethodRunner.runInSequence(MethodRunner.java:50)
at org.testng.internal.invokers.TestInvoker$MethodInvocationAgent.invoke(TestInvoker.java:957)
at org.testng.internal.invokers.TestInvoker.invokeTestMethods(TestInvoker.java:200)
at org.testng.internal.invokers.TestMethodWorker.invokeTestMethods(TestMethodWorker.java:148)
at org.testng.internal.invokers.TestMethodWorker.run(TestMethodWorker.java:128)
at java.base/java.util.ArrayList.forEach(ArrayList.java:1511)
at org.testng.TestRunner.privateRun(TestRunner.java:848)
at org.testng.TestRunner.run(TestRunner.java:621)
at org.testng.SuiteRunner.runTest(SuiteRunner.java:443)
at org.testng.SuiteRunner.runSequentially(SuiteRunner.java:437)
at org.testng.SuiteRunner.privateRun(SuiteRunner.java:397)
at org.testng.SuiteRunner.run(SuiteRunner.java:336)
at org.testng.SuiteRunnerWorker.runSuite(SuiteRunnerWorker.java:52)
at org.testng.SuiteRunnerWorker.run(SuiteRunnerWorker.java:95)
at org.testng.TestNG.runSuitesSequentially(TestNG.java:1280)
at org.testng.TestNG.runSuitesSequentially(TestNG.java:1275)
at org.testng.TestNG.runSuitesLocally(TestNG.java:1200)
at org.testng.TestNG.runSuites(TestNG.java:1114)
at org.testng.TestNG.run(TestNG.java:1082)
at com.intellij.rt.testng.IDEARemoteTestNG.run(IDEARemoteTestNG.java:66)
at com.intellij.rt.testng.RemoteTestNGStarter.main(RemoteTestNGStarter.java:105)
]]>
            </full-stacktrace>
          </exception> <!-- org.openqa.selenium.NoSuchElementException -->
          <reporter-output>
          </reporter-output>
        </test-method> <!-- addToCart -->
        <test-method is-config="true" signature="commonTearDown()[pri:0, instance:tests.TestFalloIntencional@1700915]" started-at="2023-08-21T23:42:37 ART" name="commonTearDown" finished-at="2023-08-21T23:42:38 ART" duration-ms="685" status="PASS">
          <reporter-output>
          </reporter-output>
        </test-method> <!-- commonTearDown -->
      </class> <!-- tests.TestFalloIntencional -->
    </test> <!-- TestFirefox -->
  </suite> <!-- Suite (1) -->
  <suite started-at="2023-08-21T23:42:22 ART" name="Suite (0)" finished-at="2023-08-21T23:42:29 ART" duration-ms="6491">
    <groups>
    </groups>
    <test started-at="2023-08-21T23:42:22 ART" name="TestChrome" finished-at="2023-08-21T23:42:24 ART" duration-ms="1485">
      <class name="tests.TestLoginInvalido">
        <test-method is-config="true" signature="commonSetUp(java.lang.String)[pri:0, instance:tests.TestLoginInvalido@4b5d6a01]" started-at="2023-08-21T23:42:22 ART" name="commonSetUp" finished-at="2023-08-21T23:42:24 ART" duration-ms="1133" status="PASS">
          <params>
            <param index="0">
              <value>
                <![CDATA[Chrome]]>
              </value>
            </param>
          </params>
          <reporter-output>
          </reporter-output>
        </test-method> <!-- commonSetUp -->
        <test-method signature="loginInvalido()[pri:0, instance:tests.TestLoginInvalido@4b5d6a01]" started-at="2023-08-21T23:42:24 ART" name="loginInvalido" finished-at="2023-08-21T23:42:24 ART" duration-ms="239" status="PASS">
          <reporter-output>
          </reporter-output>
        </test-method> <!-- loginInvalido -->
        <test-method is-config="true" signature="commonTearDown()[pri:0, instance:tests.TestLoginInvalido@4b5d6a01]" started-at="2023-08-21T23:42:24 ART" name="commonTearDown" finished-at="2023-08-21T23:42:24 ART" duration-ms="113" status="PASS">
          <reporter-output>
          </reporter-output>
        </test-method> <!-- commonTearDown -->
      </class> <!-- tests.TestLoginInvalido -->
    </test> <!-- TestChrome -->
    <test started-at="2023-08-21T23:42:24 ART" name="TestFirefox" finished-at="2023-08-21T23:42:29 ART" duration-ms="5004">
      <class name="tests.TestLoginInvalido">
        <test-method is-config="true" signature="commonSetUp(java.lang.String)[pri:0, instance:tests.TestLoginInvalido@418e7838]" started-at="2023-08-21T23:42:24 ART" name="commonSetUp" finished-at="2023-08-21T23:42:28 ART" duration-ms="3915" status="PASS">
          <params>
            <param index="0">
              <value>
                <![CDATA[Firefox]]>
              </value>
            </param>
          </params>
          <reporter-output>
          </reporter-output>
        </test-method> <!-- commonSetUp -->
        <test-method signature="loginInvalido()[pri:0, instance:tests.TestLoginInvalido@418e7838]" started-at="2023-08-21T23:42:28 ART" name="loginInvalido" finished-at="2023-08-21T23:42:28 ART" duration-ms="356" status="PASS">
          <reporter-output>
          </reporter-output>
        </test-method> <!-- loginInvalido -->
        <test-method is-config="true" signature="commonTearDown()[pri:0, instance:tests.TestLoginInvalido@418e7838]" started-at="2023-08-21T23:42:28 ART" name="commonTearDown" finished-at="2023-08-21T23:42:29 ART" duration-ms="731" status="PASS">
          <reporter-output>
          </reporter-output>
        </test-method> <!-- commonTearDown -->
      </class> <!-- tests.TestLoginInvalido -->
    </test> <!-- TestFirefox -->
  </suite> <!-- Suite (0) -->
</testng-results>
